2024-09-11T00:03:27.411+08:00  INFO 11528 --- [main] bms.BookManagementSystemApplication      : Starting BookManagementSystemApplication using Java 22.0.2 with PID 11528 (D:\Project_Archive\Java_web_project\Book_management_system\target\classes started by qingl in D:\Project_Archive\Java_web_project\Book_management_system)
2024-09-11T00:03:27.424+08:00  INFO 11528 --- [main] bms.BookManagementSystemApplication      : No active profile set, falling back to 1 default profile: "default"
2024-09-11T00:03:28.522+08:00  INFO 11528 --- [main] o.s.b.w.embedded.tomcat.TomcatWebServer  : Tomcat initialized with port 8080 (http)
2024-09-11T00:03:28.536+08:00  INFO 11528 --- [main] o.apache.catalina.core.StandardService   : Starting service [Tomcat]
2024-09-11T00:03:28.537+08:00  INFO 11528 --- [main] o.apache.catalina.core.StandardEngine    : Starting Servlet engine: [Apache Tomcat/10.1.28]
2024-09-11T00:03:28.588+08:00  INFO 11528 --- [main] o.a.c.c.C.[Tomcat].[localhost].[/]       : Initializing Spring embedded WebApplicationContext
2024-09-11T00:03:28.588+08:00  INFO 11528 --- [main] w.s.c.ServletWebServerApplicationContext : Root WebApplicationContext: initialization completed in 1106 ms
2024-09-11T00:03:29.008+08:00  INFO 11528 --- [main] eAuthenticationProviderManagerConfigurer : Global AuthenticationManager configured with AuthenticationProvider bean with name authenticationProvider
2024-09-11T00:03:29.009+08:00  WARN 11528 --- [main] r$InitializeUserDetailsManagerConfigurer : Global AuthenticationManager configured with an AuthenticationProvider bean. UserDetailsService beans will not be used for username/password login. Consider removing the AuthenticationProvider bean. Alternatively, consider using the UserDetailsService in a manually instantiated DaoAuthenticationProvider.
2024-09-11T00:03:29.444+08:00  INFO 11528 --- [main] o.s.b.w.embedded.tomcat.TomcatWebServer  : Tomcat started on port 8080 (http) with context path '/'
2024-09-11T00:03:29.453+08:00  INFO 11528 --- [main] bms.BookManagementSystemApplication      : Started BookManagementSystemApplication in 2.495 seconds (process running for 2.834)
2024-09-11T00:03:36.376+08:00  INFO 11528 --- [http-nio-8080-exec-1] o.a.c.c.C.[Tomcat].[localhost].[/]       : Initializing Spring DispatcherServlet 'dispatcherServlet'
2024-09-11T00:03:36.376+08:00  INFO 11528 --- [http-nio-8080-exec-1] o.s.web.servlet.DispatcherServlet        : Initializing Servlet 'dispatcherServlet'
2024-09-11T00:03:36.377+08:00  INFO 11528 --- [http-nio-8080-exec-1] o.s.web.servlet.DispatcherServlet        : Completed initialization in 1 ms
2024-09-11T00:07:18.737+08:00  INFO 456 --- [main] bms.BookManagementSystemApplication      : Starting BookManagementSystemApplication using Java 22.0.2 with PID 456 (D:\Project_Archive\Java_web_project\Book_management_system\target\classes started by qingl in D:\Project_Archive\Java_web_project\Book_management_system)
2024-09-11T00:07:18.739+08:00  INFO 456 --- [main] bms.BookManagementSystemApplication      : No active profile set, falling back to 1 default profile: "default"
2024-09-11T00:07:19.803+08:00  INFO 456 --- [main] o.s.b.w.embedded.tomcat.TomcatWebServer  : Tomcat initialized with port 8080 (http)
2024-09-11T00:07:19.816+08:00  INFO 456 --- [main] o.apache.catalina.core.StandardService   : Starting service [Tomcat]
2024-09-11T00:07:19.817+08:00  INFO 456 --- [main] o.apache.catalina.core.StandardEngine    : Starting Servlet engine: [Apache Tomcat/10.1.28]
2024-09-11T00:07:19.858+08:00  INFO 456 --- [main] o.a.c.c.C.[Tomcat].[localhost].[/]       : Initializing Spring embedded WebApplicationContext
2024-09-11T00:07:19.858+08:00  INFO 456 --- [main] w.s.c.ServletWebServerApplicationContext : Root WebApplicationContext: initialization completed in 1073 ms
2024-09-11T00:07:20.232+08:00  INFO 456 --- [main] eAuthenticationProviderManagerConfigurer : Global AuthenticationManager configured with AuthenticationProvider bean with name authenticationProvider
2024-09-11T00:07:20.233+08:00  WARN 456 --- [main] r$InitializeUserDetailsManagerConfigurer : Global AuthenticationManager configured with an AuthenticationProvider bean. UserDetailsService beans will not be used for username/password login. Consider removing the AuthenticationProvider bean. Alternatively, consider using the UserDetailsService in a manually instantiated DaoAuthenticationProvider.
2024-09-11T00:07:20.631+08:00  INFO 456 --- [main] o.s.b.w.embedded.tomcat.TomcatWebServer  : Tomcat started on port 8080 (http) with context path '/'
2024-09-11T00:07:20.639+08:00  INFO 456 --- [main] bms.BookManagementSystemApplication      : Started BookManagementSystemApplication in 2.376 seconds (process running for 2.692)
2024-09-11T00:07:30.522+08:00  INFO 456 --- [http-nio-8080-exec-1] o.a.c.c.C.[Tomcat].[localhost].[/]       : Initializing Spring DispatcherServlet 'dispatcherServlet'
2024-09-11T00:07:30.523+08:00  INFO 456 --- [http-nio-8080-exec-1] o.s.web.servlet.DispatcherServlet        : Initializing Servlet 'dispatcherServlet'
2024-09-11T00:07:30.523+08:00  INFO 456 --- [http-nio-8080-exec-1] o.s.web.servlet.DispatcherServlet        : Completed initialization in 0 ms
2024-09-11T00:07:30.639+08:00  INFO 456 --- [http-nio-8080-exec-1] com.zaxxer.hikari.HikariDataSource       : HikariPool-1 - Starting...
2024-09-11T00:07:30.983+08:00  INFO 456 --- [http-nio-8080-exec-1] com.zaxxer.hikari.pool.HikariPool        : HikariPool-1 - Added connection com.mysql.cj.jdbc.ConnectionImpl@5ecda106
2024-09-11T00:07:30.985+08:00  INFO 456 --- [http-nio-8080-exec-1] com.zaxxer.hikari.HikariDataSource       : HikariPool-1 - Start completed.
2024-09-11T00:07:41.498+08:00  INFO 456 --- [SpringApplicationShutdownHook] com.zaxxer.hikari.HikariDataSource       : HikariPool-1 - Shutdown initiated...
2024-09-11T00:07:41.511+08:00  INFO 456 --- [SpringApplicationShutdownHook] com.zaxxer.hikari.HikariDataSource       : HikariPool-1 - Shutdown completed.
2024-09-11T00:10:55.726+08:00  INFO 19908 --- [main] bms.BookManagementSystemApplication      : Starting BookManagementSystemApplication using Java 22.0.2 with PID 19908 (D:\Project_Archive\Java_web_project\Book_management_system\target\classes started by qingl in D:\Project_Archive\Java_web_project\Book_management_system)
2024-09-11T00:10:55.726+08:00  INFO 19908 --- [main] bms.BookManagementSystemApplication      : No active profile set, falling back to 1 default profile: "default"
2024-09-11T00:10:56.853+08:00  INFO 19908 --- [main] o.s.b.w.embedded.tomcat.TomcatWebServer  : Tomcat initialized with port 8080 (http)
2024-09-11T00:10:56.870+08:00  INFO 19908 --- [main] o.apache.catalina.core.StandardService   : Starting service [Tomcat]
2024-09-11T00:10:56.871+08:00  INFO 19908 --- [main] o.apache.catalina.core.StandardEngine    : Starting Servlet engine: [Apache Tomcat/10.1.28]
2024-09-11T00:10:56.935+08:00  INFO 19908 --- [main] o.a.c.c.C.[Tomcat].[localhost].[/]       : Initializing Spring embedded WebApplicationContext
2024-09-11T00:10:56.935+08:00  INFO 19908 --- [main] w.s.c.ServletWebServerApplicationContext : Root WebApplicationContext: initialization completed in 1162 ms
2024-09-11T00:10:57.364+08:00  INFO 19908 --- [main] eAuthenticationProviderManagerConfigurer : Global AuthenticationManager configured with AuthenticationProvider bean with name authenticationProvider
2024-09-11T00:10:57.365+08:00  WARN 19908 --- [main] r$InitializeUserDetailsManagerConfigurer : Global AuthenticationManager configured with an AuthenticationProvider bean. UserDetailsService beans will not be used for username/password login. Consider removing the AuthenticationProvider bean. Alternatively, consider using the UserDetailsService in a manually instantiated DaoAuthenticationProvider.
2024-09-11T00:10:57.886+08:00  INFO 19908 --- [main] o.s.b.w.embedded.tomcat.TomcatWebServer  : Tomcat started on port 8080 (http) with context path '/'
2024-09-11T00:10:57.896+08:00  INFO 19908 --- [main] bms.BookManagementSystemApplication      : Started BookManagementSystemApplication in 2.552 seconds (process running for 2.801)
2024-09-11T00:11:10.262+08:00  INFO 19908 --- [http-nio-8080-exec-2] o.a.c.c.C.[Tomcat].[localhost].[/]       : Initializing Spring DispatcherServlet 'dispatcherServlet'
2024-09-11T00:11:10.263+08:00  INFO 19908 --- [http-nio-8080-exec-2] o.s.web.servlet.DispatcherServlet        : Initializing Servlet 'dispatcherServlet'
2024-09-11T00:11:10.264+08:00  INFO 19908 --- [http-nio-8080-exec-2] o.s.web.servlet.DispatcherServlet        : Completed initialization in 1 ms
2024-09-11T00:11:10.310+08:00  INFO 19908 --- [http-nio-8080-exec-2] com.zaxxer.hikari.HikariDataSource       : HikariPool-1 - Starting...
2024-09-11T00:11:10.622+08:00  INFO 19908 --- [http-nio-8080-exec-2] com.zaxxer.hikari.pool.HikariPool        : HikariPool-1 - Added connection com.mysql.cj.jdbc.ConnectionImpl@38794296
2024-09-11T00:11:10.623+08:00  INFO 19908 --- [http-nio-8080-exec-2] com.zaxxer.hikari.HikariDataSource       : HikariPool-1 - Start completed.
2024-09-11T00:14:00.261+08:00  INFO 19908 --- [SpringApplicationShutdownHook] com.zaxxer.hikari.HikariDataSource       : HikariPool-1 - Shutdown initiated...
2024-09-11T00:14:00.281+08:00  INFO 19908 --- [SpringApplicationShutdownHook] com.zaxxer.hikari.HikariDataSource       : HikariPool-1 - Shutdown completed.
2024-09-11T00:14:03.182+08:00  INFO 21876 --- [main] bms.BookManagementSystemApplication      : Starting BookManagementSystemApplication using Java 22.0.2 with PID 21876 (D:\Project_Archive\Java_web_project\Book_management_system\target\classes started by qingl in D:\Project_Archive\Java_web_project\Book_management_system)
2024-09-11T00:14:03.184+08:00  INFO 21876 --- [main] bms.BookManagementSystemApplication      : No active profile set, falling back to 1 default profile: "default"
2024-09-11T00:14:04.228+08:00  INFO 21876 --- [main] o.s.b.w.embedded.tomcat.TomcatWebServer  : Tomcat initialized with port 8080 (http)
2024-09-11T00:14:04.246+08:00  INFO 21876 --- [main] o.apache.catalina.core.StandardService   : Starting service [Tomcat]
2024-09-11T00:14:04.246+08:00  INFO 21876 --- [main] o.apache.catalina.core.StandardEngine    : Starting Servlet engine: [Apache Tomcat/10.1.28]
2024-09-11T00:14:04.296+08:00  INFO 21876 --- [main] o.a.c.c.C.[Tomcat].[localhost].[/]       : Initializing Spring embedded WebApplicationContext
2024-09-11T00:14:04.297+08:00  INFO 21876 --- [main] w.s.c.ServletWebServerApplicationContext : Root WebApplicationContext: initialization completed in 1059 ms
2024-09-11T00:14:04.721+08:00  INFO 21876 --- [main] eAuthenticationProviderManagerConfigurer : Global AuthenticationManager configured with AuthenticationProvider bean with name authenticationProvider
2024-09-11T00:14:04.722+08:00  WARN 21876 --- [main] r$InitializeUserDetailsManagerConfigurer : Global AuthenticationManager configured with an AuthenticationProvider bean. UserDetailsService beans will not be used for username/password login. Consider removing the AuthenticationProvider bean. Alternatively, consider using the UserDetailsService in a manually instantiated DaoAuthenticationProvider.
2024-09-11T00:14:05.252+08:00  INFO 21876 --- [main] o.s.b.w.embedded.tomcat.TomcatWebServer  : Tomcat started on port 8080 (http) with context path '/'
2024-09-11T00:14:05.266+08:00  INFO 21876 --- [main] bms.BookManagementSystemApplication      : Started BookManagementSystemApplication in 2.519 seconds (process running for 2.84)
2024-09-11T00:14:09.926+08:00  INFO 21876 --- [http-nio-8080-exec-1] o.a.c.c.C.[Tomcat].[localhost].[/]       : Initializing Spring DispatcherServlet 'dispatcherServlet'
2024-09-11T00:14:09.926+08:00  INFO 21876 --- [http-nio-8080-exec-1] o.s.web.servlet.DispatcherServlet        : Initializing Servlet 'dispatcherServlet'
2024-09-11T00:14:09.927+08:00  INFO 21876 --- [http-nio-8080-exec-1] o.s.web.servlet.DispatcherServlet        : Completed initialization in 0 ms
2024-09-11T00:14:10.044+08:00  INFO 21876 --- [http-nio-8080-exec-1] com.zaxxer.hikari.HikariDataSource       : HikariPool-1 - Starting...
2024-09-11T00:14:10.328+08:00  INFO 21876 --- [http-nio-8080-exec-1] com.zaxxer.hikari.pool.HikariPool        : HikariPool-1 - Added connection com.mysql.cj.jdbc.ConnectionImpl@49f2e849
2024-09-11T00:14:10.331+08:00  INFO 21876 --- [http-nio-8080-exec-1] com.zaxxer.hikari.HikariDataSource       : HikariPool-1 - Start completed.
2024-09-11T00:14:25.421+08:00  INFO 21876 --- [SpringApplicationShutdownHook] com.zaxxer.hikari.HikariDataSource       : HikariPool-1 - Shutdown initiated...
2024-09-11T00:14:25.434+08:00  INFO 21876 --- [SpringApplicationShutdownHook] com.zaxxer.hikari.HikariDataSource       : HikariPool-1 - Shutdown completed.
2024-09-11T09:36:11.723+08:00  INFO 3924 --- [main] bms.BookManagementSystemApplication      : Starting BookManagementSystemApplication using Java 22.0.2 with PID 3924 (D:\Project_Archive\Java_web_project\Book_management_system\target\classes started by qingl in D:\Project_Archive\Java_web_project\Book_management_system)
2024-09-11T09:36:11.723+08:00  INFO 3924 --- [main] bms.BookManagementSystemApplication      : No active profile set, falling back to 1 default profile: "default"
2024-09-11T09:36:13.133+08:00  INFO 3924 --- [main] o.s.b.w.embedded.tomcat.TomcatWebServer  : Tomcat initialized with port 8080 (http)
2024-09-11T09:36:13.148+08:00  INFO 3924 --- [main] o.apache.catalina.core.StandardService   : Starting service [Tomcat]
2024-09-11T09:36:13.148+08:00  INFO 3924 --- [main] o.apache.catalina.core.StandardEngine    : Starting Servlet engine: [Apache Tomcat/10.1.28]
2024-09-11T09:36:13.196+08:00  INFO 3924 --- [main] o.a.c.c.C.[Tomcat].[localhost].[/]       : Initializing Spring embedded WebApplicationContext
2024-09-11T09:36:13.196+08:00  INFO 3924 --- [main] w.s.c.ServletWebServerApplicationContext : Root WebApplicationContext: initialization completed in 1419 ms
2024-09-11T09:36:13.719+08:00  INFO 3924 --- [main] eAuthenticationProviderManagerConfigurer : Global AuthenticationManager configured with AuthenticationProvider bean with name authenticationProvider
2024-09-11T09:36:13.719+08:00  WARN 3924 --- [main] r$InitializeUserDetailsManagerConfigurer : Global AuthenticationManager configured with an AuthenticationProvider bean. UserDetailsService beans will not be used for username/password login. Consider removing the AuthenticationProvider bean. Alternatively, consider using the UserDetailsService in a manually instantiated DaoAuthenticationProvider.
2024-09-11T09:36:14.256+08:00  INFO 3924 --- [main] o.s.b.w.embedded.tomcat.TomcatWebServer  : Tomcat started on port 8080 (http) with context path '/'
2024-09-11T09:36:14.272+08:00  INFO 3924 --- [main] bms.BookManagementSystemApplication      : Started BookManagementSystemApplication in 3.134 seconds (process running for 3.491)
2024-09-11T09:36:24.814+08:00  INFO 3924 --- [http-nio-8080-exec-2] o.a.c.c.C.[Tomcat].[localhost].[/]       : Initializing Spring DispatcherServlet 'dispatcherServlet'
2024-09-11T09:36:24.814+08:00  INFO 3924 --- [http-nio-8080-exec-2] o.s.web.servlet.DispatcherServlet        : Initializing Servlet 'dispatcherServlet'
2024-09-11T09:36:24.814+08:00  INFO 3924 --- [http-nio-8080-exec-2] o.s.web.servlet.DispatcherServlet        : Completed initialization in 0 ms
2024-09-11T09:36:35.623+08:00  INFO 3924 --- [http-nio-8080-exec-3] com.zaxxer.hikari.HikariDataSource       : HikariPool-1 - Starting...
2024-09-11T09:36:36.164+08:00  INFO 3924 --- [http-nio-8080-exec-3] com.zaxxer.hikari.pool.HikariPool        : HikariPool-1 - Added connection com.mysql.cj.jdbc.ConnectionImpl@3dee45d
2024-09-11T09:36:36.164+08:00  INFO 3924 --- [http-nio-8080-exec-3] com.zaxxer.hikari.HikariDataSource       : HikariPool-1 - Start completed.
2024-09-11T09:39:46.391+08:00  INFO 3924 --- [SpringApplicationShutdownHook] com.zaxxer.hikari.HikariDataSource       : HikariPool-1 - Shutdown initiated...
2024-09-11T09:39:46.406+08:00  INFO 3924 --- [SpringApplicationShutdownHook] com.zaxxer.hikari.HikariDataSource       : HikariPool-1 - Shutdown completed.
2024-09-11T10:12:56.317+08:00  INFO 12680 --- [main] bms.BookManagementSystemApplication      : Starting BookManagementSystemApplication using Java 22.0.2 with PID 12680 (D:\Project_Archive\Java_web_project\Book_management_system\target\classes started by qingl in D:\Project_Archive\Java_web_project\Book_management_system)
2024-09-11T10:12:56.317+08:00  INFO 12680 --- [main] bms.BookManagementSystemApplication      : No active profile set, falling back to 1 default profile: "default"
2024-09-11T10:12:57.365+08:00  INFO 12680 --- [main] o.s.b.w.embedded.tomcat.TomcatWebServer  : Tomcat initialized with port 8080 (http)
2024-09-11T10:12:57.381+08:00  INFO 12680 --- [main] o.apache.catalina.core.StandardService   : Starting service [Tomcat]
2024-09-11T10:12:57.381+08:00  INFO 12680 --- [main] o.apache.catalina.core.StandardEngine    : Starting Servlet engine: [Apache Tomcat/10.1.28]
2024-09-11T10:12:57.429+08:00  INFO 12680 --- [main] o.a.c.c.C.[Tomcat].[localhost].[/]       : Initializing Spring embedded WebApplicationContext
2024-09-11T10:12:57.429+08:00  INFO 12680 --- [main] w.s.c.ServletWebServerApplicationContext : Root WebApplicationContext: initialization completed in 1063 ms
2024-09-11T10:12:57.822+08:00  INFO 12680 --- [main] eAuthenticationProviderManagerConfigurer : Global AuthenticationManager configured with AuthenticationProvider bean with name authenticationProvider
2024-09-11T10:12:57.822+08:00  WARN 12680 --- [main] r$InitializeUserDetailsManagerConfigurer : Global AuthenticationManager configured with an AuthenticationProvider bean. UserDetailsService beans will not be used for username/password login. Consider removing the AuthenticationProvider bean. Alternatively, consider using the UserDetailsService in a manually instantiated DaoAuthenticationProvider.
2024-09-11T10:12:58.173+08:00  INFO 12680 --- [main] o.s.b.w.embedded.tomcat.TomcatWebServer  : Tomcat started on port 8080 (http) with context path '/'
2024-09-11T10:12:58.189+08:00  INFO 12680 --- [main] bms.BookManagementSystemApplication      : Started BookManagementSystemApplication in 2.333 seconds (process running for 2.634)
2024-09-11T10:13:13.920+08:00  INFO 12680 --- [http-nio-8080-exec-1] o.a.c.c.C.[Tomcat].[localhost].[/]       : Initializing Spring DispatcherServlet 'dispatcherServlet'
2024-09-11T10:13:13.920+08:00  INFO 12680 --- [http-nio-8080-exec-1] o.s.web.servlet.DispatcherServlet        : Initializing Servlet 'dispatcherServlet'
2024-09-11T10:13:13.920+08:00  INFO 12680 --- [http-nio-8080-exec-1] o.s.web.servlet.DispatcherServlet        : Completed initialization in 0 ms
2024-09-11T10:13:14.042+08:00  INFO 12680 --- [http-nio-8080-exec-1] com.zaxxer.hikari.HikariDataSource       : HikariPool-1 - Starting...
2024-09-11T10:13:14.346+08:00  INFO 12680 --- [http-nio-8080-exec-1] com.zaxxer.hikari.pool.HikariPool        : HikariPool-1 - Added connection com.mysql.cj.jdbc.ConnectionImpl@a476814
2024-09-11T10:13:14.346+08:00  INFO 12680 --- [http-nio-8080-exec-1] com.zaxxer.hikari.HikariDataSource       : HikariPool-1 - Start completed.
2024-09-11T10:13:37.813+08:00  INFO 12680 --- [SpringApplicationShutdownHook] com.zaxxer.hikari.HikariDataSource       : HikariPool-1 - Shutdown initiated...
2024-09-11T10:13:37.829+08:00  INFO 12680 --- [SpringApplicationShutdownHook] com.zaxxer.hikari.HikariDataSource       : HikariPool-1 - Shutdown completed.
2024-09-11T10:17:50.593+08:00  INFO 9700 --- [main] bms.BookManagementSystemApplication      : Starting BookManagementSystemApplication using Java 22.0.2 with PID 9700 (D:\Project_Archive\Java_web_project\Book_management_system\target\classes started by qingl in D:\Project_Archive\Java_web_project\Book_management_system)
2024-09-11T10:17:50.595+08:00  INFO 9700 --- [main] bms.BookManagementSystemApplication      : No active profile set, falling back to 1 default profile: "default"
2024-09-11T10:17:51.602+08:00  INFO 9700 --- [main] o.s.b.w.embedded.tomcat.TomcatWebServer  : Tomcat initialized with port 8080 (http)
2024-09-11T10:17:51.617+08:00  INFO 9700 --- [main] o.apache.catalina.core.StandardService   : Starting service [Tomcat]
2024-09-11T10:17:51.617+08:00  INFO 9700 --- [main] o.apache.catalina.core.StandardEngine    : Starting Servlet engine: [Apache Tomcat/10.1.28]
2024-09-11T10:17:51.666+08:00  INFO 9700 --- [main] o.a.c.c.C.[Tomcat].[localhost].[/]       : Initializing Spring embedded WebApplicationContext
2024-09-11T10:17:51.666+08:00  INFO 9700 --- [main] w.s.c.ServletWebServerApplicationContext : Root WebApplicationContext: initialization completed in 1012 ms
2024-09-11T10:17:52.079+08:00  INFO 9700 --- [main] eAuthenticationProviderManagerConfigurer : Global AuthenticationManager configured with AuthenticationProvider bean with name authenticationProvider
2024-09-11T10:17:52.080+08:00  WARN 9700 --- [main] r$InitializeUserDetailsManagerConfigurer : Global AuthenticationManager configured with an AuthenticationProvider bean. UserDetailsService beans will not be used for username/password login. Consider removing the AuthenticationProvider bean. Alternatively, consider using the UserDetailsService in a manually instantiated DaoAuthenticationProvider.
2024-09-11T10:17:52.502+08:00  INFO 9700 --- [main] o.s.b.w.embedded.tomcat.TomcatWebServer  : Tomcat started on port 8080 (http) with context path '/'
2024-09-11T10:17:52.511+08:00  INFO 9700 --- [main] bms.BookManagementSystemApplication      : Started BookManagementSystemApplication in 2.399 seconds (process running for 2.724)
2024-09-11T10:18:12.902+08:00  INFO 9700 --- [http-nio-8080-exec-1] o.a.c.c.C.[Tomcat].[localhost].[/]       : Initializing Spring DispatcherServlet 'dispatcherServlet'
2024-09-11T10:18:12.902+08:00  INFO 9700 --- [http-nio-8080-exec-1] o.s.web.servlet.DispatcherServlet        : Initializing Servlet 'dispatcherServlet'
2024-09-11T10:18:12.904+08:00  INFO 9700 --- [http-nio-8080-exec-1] o.s.web.servlet.DispatcherServlet        : Completed initialization in 2 ms
2024-09-11T10:18:13.009+08:00  INFO 9700 --- [http-nio-8080-exec-1] com.zaxxer.hikari.HikariDataSource       : HikariPool-1 - Starting...
2024-09-11T10:18:13.314+08:00  INFO 9700 --- [http-nio-8080-exec-1] com.zaxxer.hikari.pool.HikariPool        : HikariPool-1 - Added connection com.mysql.cj.jdbc.ConnectionImpl@7f6a62d5
2024-09-11T10:18:13.316+08:00  INFO 9700 --- [http-nio-8080-exec-1] com.zaxxer.hikari.HikariDataSource       : HikariPool-1 - Start completed.
2024-09-11T10:19:12.043+08:00  INFO 9700 --- [SpringApplicationShutdownHook] com.zaxxer.hikari.HikariDataSource       : HikariPool-1 - Shutdown initiated...
2024-09-11T10:19:12.065+08:00  INFO 9700 --- [SpringApplicationShutdownHook] com.zaxxer.hikari.HikariDataSource       : HikariPool-1 - Shutdown completed.
2024-09-11T10:19:13.873+08:00  INFO 13500 --- [main] bms.BookManagementSystemApplication      : Starting BookManagementSystemApplication using Java 22.0.2 with PID 13500 (D:\Project_Archive\Java_web_project\Book_management_system\target\classes started by qingl in D:\Project_Archive\Java_web_project\Book_management_system)
2024-09-11T10:19:13.874+08:00  INFO 13500 --- [main] bms.BookManagementSystemApplication      : No active profile set, falling back to 1 default profile: "default"
2024-09-11T10:19:14.966+08:00  INFO 13500 --- [main] o.s.b.w.embedded.tomcat.TomcatWebServer  : Tomcat initialized with port 8080 (http)
2024-09-11T10:19:14.979+08:00  INFO 13500 --- [main] o.apache.catalina.core.StandardService   : Starting service [Tomcat]
2024-09-11T10:19:14.979+08:00  INFO 13500 --- [main] o.apache.catalina.core.StandardEngine    : Starting Servlet engine: [Apache Tomcat/10.1.28]
2024-09-11T10:19:15.023+08:00  INFO 13500 --- [main] o.a.c.c.C.[Tomcat].[localhost].[/]       : Initializing Spring embedded WebApplicationContext
2024-09-11T10:19:15.023+08:00  INFO 13500 --- [main] w.s.c.ServletWebServerApplicationContext : Root WebApplicationContext: initialization completed in 1093 ms
2024-09-11T10:19:15.359+08:00  INFO 13500 --- [main] eAuthenticationProviderManagerConfigurer : Global AuthenticationManager configured with AuthenticationProvider bean with name authenticationProvider
2024-09-11T10:19:15.359+08:00  WARN 13500 --- [main] r$InitializeUserDetailsManagerConfigurer : Global AuthenticationManager configured with an AuthenticationProvider bean. UserDetailsService beans will not be used for username/password login. Consider removing the AuthenticationProvider bean. Alternatively, consider using the UserDetailsService in a manually instantiated DaoAuthenticationProvider.
2024-09-11T10:19:15.806+08:00  INFO 13500 --- [main] o.s.b.w.embedded.tomcat.TomcatWebServer  : Tomcat started on port 8080 (http) with context path '/'
2024-09-11T10:19:15.814+08:00  INFO 13500 --- [main] bms.BookManagementSystemApplication      : Started BookManagementSystemApplication in 2.411 seconds (process running for 2.734)
2024-09-11T10:19:20.361+08:00  INFO 13500 --- [http-nio-8080-exec-1] o.a.c.c.C.[Tomcat].[localhost].[/]       : Initializing Spring DispatcherServlet 'dispatcherServlet'
2024-09-11T10:19:20.362+08:00  INFO 13500 --- [http-nio-8080-exec-1] o.s.web.servlet.DispatcherServlet        : Initializing Servlet 'dispatcherServlet'
2024-09-11T10:19:20.363+08:00  INFO 13500 --- [http-nio-8080-exec-1] o.s.web.servlet.DispatcherServlet        : Completed initialization in 1 ms
2024-09-11T10:19:20.464+08:00  INFO 13500 --- [http-nio-8080-exec-1] com.zaxxer.hikari.HikariDataSource       : HikariPool-1 - Starting...
2024-09-11T10:19:20.758+08:00  INFO 13500 --- [http-nio-8080-exec-1] com.zaxxer.hikari.pool.HikariPool        : HikariPool-1 - Added connection com.mysql.cj.jdbc.ConnectionImpl@6895b315
2024-09-11T10:19:20.760+08:00  INFO 13500 --- [http-nio-8080-exec-1] com.zaxxer.hikari.HikariDataSource       : HikariPool-1 - Start completed.
2024-09-11T10:25:31.310+08:00  INFO 13500 --- [SpringApplicationShutdownHook] com.zaxxer.hikari.HikariDataSource       : HikariPool-1 - Shutdown initiated...
2024-09-11T10:25:31.324+08:00  INFO 13500 --- [SpringApplicationShutdownHook] com.zaxxer.hikari.HikariDataSource       : HikariPool-1 - Shutdown completed.
2024-09-11T10:25:34.286+08:00  INFO 10280 --- [main] bms.BookManagementSystemApplication      : Starting BookManagementSystemApplication using Java 22.0.2 with PID 10280 (D:\Project_Archive\Java_web_project\Book_management_system\target\classes started by qingl in D:\Project_Archive\Java_web_project\Book_management_system)
2024-09-11T10:25:34.287+08:00  INFO 10280 --- [main] bms.BookManagementSystemApplication      : No active profile set, falling back to 1 default profile: "default"
2024-09-11T10:25:35.326+08:00  INFO 10280 --- [main] o.s.b.w.embedded.tomcat.TomcatWebServer  : Tomcat initialized with port 8080 (http)
2024-09-11T10:25:35.339+08:00  INFO 10280 --- [main] o.apache.catalina.core.StandardService   : Starting service [Tomcat]
2024-09-11T10:25:35.340+08:00  INFO 10280 --- [main] o.apache.catalina.core.StandardEngine    : Starting Servlet engine: [Apache Tomcat/10.1.28]
2024-09-11T10:25:35.392+08:00  INFO 10280 --- [main] o.a.c.c.C.[Tomcat].[localhost].[/]       : Initializing Spring embedded WebApplicationContext
2024-09-11T10:25:35.392+08:00  INFO 10280 --- [main] w.s.c.ServletWebServerApplicationContext : Root WebApplicationContext: initialization completed in 1054 ms
2024-09-11T10:25:35.788+08:00  INFO 10280 --- [main] eAuthenticationProviderManagerConfigurer : Global AuthenticationManager configured with AuthenticationProvider bean with name authenticationProvider
2024-09-11T10:25:35.788+08:00  WARN 10280 --- [main] r$InitializeUserDetailsManagerConfigurer : Global AuthenticationManager configured with an AuthenticationProvider bean. UserDetailsService beans will not be used for username/password login. Consider removing the AuthenticationProvider bean. Alternatively, consider using the UserDetailsService in a manually instantiated DaoAuthenticationProvider.
2024-09-11T10:25:36.266+08:00  INFO 10280 --- [main] o.s.b.w.embedded.tomcat.TomcatWebServer  : Tomcat started on port 8080 (http) with context path '/'
2024-09-11T10:25:36.277+08:00  INFO 10280 --- [main] bms.BookManagementSystemApplication      : Started BookManagementSystemApplication in 2.475 seconds (process running for 2.803)
2024-09-11T10:25:49.071+08:00  INFO 10280 --- [http-nio-8080-exec-1] o.a.c.c.C.[Tomcat].[localhost].[/]       : Initializing Spring DispatcherServlet 'dispatcherServlet'
2024-09-11T10:25:49.072+08:00  INFO 10280 --- [http-nio-8080-exec-1] o.s.web.servlet.DispatcherServlet        : Initializing Servlet 'dispatcherServlet'
2024-09-11T10:25:49.073+08:00  INFO 10280 --- [http-nio-8080-exec-1] o.s.web.servlet.DispatcherServlet        : Completed initialization in 1 ms
2024-09-11T10:25:49.180+08:00  INFO 10280 --- [http-nio-8080-exec-1] com.zaxxer.hikari.HikariDataSource       : HikariPool-1 - Starting...
2024-09-11T10:25:49.490+08:00  INFO 10280 --- [http-nio-8080-exec-1] com.zaxxer.hikari.pool.HikariPool        : HikariPool-1 - Added connection com.mysql.cj.jdbc.ConnectionImpl@79389dfe
2024-09-11T10:25:49.492+08:00  INFO 10280 --- [http-nio-8080-exec-1] com.zaxxer.hikari.HikariDataSource       : HikariPool-1 - Start completed.
2024-09-11T10:27:40.449+08:00  INFO 10280 --- [SpringApplicationShutdownHook] com.zaxxer.hikari.HikariDataSource       : HikariPool-1 - Shutdown initiated...
2024-09-11T10:27:40.458+08:00  INFO 10280 --- [SpringApplicationShutdownHook] com.zaxxer.hikari.HikariDataSource       : HikariPool-1 - Shutdown completed.
2024-09-11T10:27:43.332+08:00  INFO 3176 --- [main] bms.BookManagementSystemApplication      : Starting BookManagementSystemApplication using Java 22.0.2 with PID 3176 (D:\Project_Archive\Java_web_project\Book_management_system\target\classes started by qingl in D:\Project_Archive\Java_web_project\Book_management_system)
2024-09-11T10:27:43.334+08:00  INFO 3176 --- [main] bms.BookManagementSystemApplication      : No active profile set, falling back to 1 default profile: "default"
2024-09-11T10:27:44.422+08:00  INFO 3176 --- [main] o.s.b.w.embedded.tomcat.TomcatWebServer  : Tomcat initialized with port 8080 (http)
2024-09-11T10:27:44.436+08:00  INFO 3176 --- [main] o.apache.catalina.core.StandardService   : Starting service [Tomcat]
2024-09-11T10:27:44.436+08:00  INFO 3176 --- [main] o.apache.catalina.core.StandardEngine    : Starting Servlet engine: [Apache Tomcat/10.1.28]
2024-09-11T10:27:44.480+08:00  INFO 3176 --- [main] o.a.c.c.C.[Tomcat].[localhost].[/]       : Initializing Spring embedded WebApplicationContext
2024-09-11T10:27:44.480+08:00  INFO 3176 --- [main] w.s.c.ServletWebServerApplicationContext : Root WebApplicationContext: initialization completed in 1092 ms
2024-09-11T10:27:44.855+08:00  INFO 3176 --- [main] eAuthenticationProviderManagerConfigurer : Global AuthenticationManager configured with AuthenticationProvider bean with name authenticationProvider
2024-09-11T10:27:44.855+08:00  WARN 3176 --- [main] r$InitializeUserDetailsManagerConfigurer : Global AuthenticationManager configured with an AuthenticationProvider bean. UserDetailsService beans will not be used for username/password login. Consider removing the AuthenticationProvider bean. Alternatively, consider using the UserDetailsService in a manually instantiated DaoAuthenticationProvider.
2024-09-11T10:27:45.307+08:00  INFO 3176 --- [main] o.s.b.w.embedded.tomcat.TomcatWebServer  : Tomcat started on port 8080 (http) with context path '/'
2024-09-11T10:27:45.317+08:00  INFO 3176 --- [main] bms.BookManagementSystemApplication      : Started BookManagementSystemApplication in 2.414 seconds (process running for 2.667)
2024-09-11T10:27:48.180+08:00  INFO 3176 --- [http-nio-8080-exec-1] o.a.c.c.C.[Tomcat].[localhost].[/]       : Initializing Spring DispatcherServlet 'dispatcherServlet'
2024-09-11T10:27:48.181+08:00  INFO 3176 --- [http-nio-8080-exec-1] o.s.web.servlet.DispatcherServlet        : Initializing Servlet 'dispatcherServlet'
2024-09-11T10:27:48.182+08:00  INFO 3176 --- [http-nio-8080-exec-1] o.s.web.servlet.DispatcherServlet        : Completed initialization in 1 ms
2024-09-11T10:27:48.296+08:00  INFO 3176 --- [http-nio-8080-exec-1] com.zaxxer.hikari.HikariDataSource       : HikariPool-1 - Starting...
2024-09-11T10:27:48.587+08:00  INFO 3176 --- [http-nio-8080-exec-1] com.zaxxer.hikari.pool.HikariPool        : HikariPool-1 - Added connection com.mysql.cj.jdbc.ConnectionImpl@34660d44
2024-09-11T10:27:48.588+08:00  INFO 3176 --- [http-nio-8080-exec-1] com.zaxxer.hikari.HikariDataSource       : HikariPool-1 - Start completed.
2024-09-11T10:31:14.155+08:00  INFO 3176 --- [SpringApplicationShutdownHook] com.zaxxer.hikari.HikariDataSource       : HikariPool-1 - Shutdown initiated...
2024-09-11T10:31:14.169+08:00  INFO 3176 --- [SpringApplicationShutdownHook] com.zaxxer.hikari.HikariDataSource       : HikariPool-1 - Shutdown completed.
2024-09-11T10:31:17.697+08:00  INFO 3016 --- [main] bms.BookManagementSystemApplication      : Starting BookManagementSystemApplication using Java 22.0.2 with PID 3016 (D:\Project_Archive\Java_web_project\Book_management_system\target\classes started by qingl in D:\Project_Archive\Java_web_project\Book_management_system)
2024-09-11T10:31:17.699+08:00  INFO 3016 --- [main] bms.BookManagementSystemApplication      : No active profile set, falling back to 1 default profile: "default"
2024-09-11T10:31:18.697+08:00  INFO 3016 --- [main] o.s.b.w.embedded.tomcat.TomcatWebServer  : Tomcat initialized with port 8080 (http)
2024-09-11T10:31:18.710+08:00  INFO 3016 --- [main] o.apache.catalina.core.StandardService   : Starting service [Tomcat]
2024-09-11T10:31:18.712+08:00  INFO 3016 --- [main] o.apache.catalina.core.StandardEngine    : Starting Servlet engine: [Apache Tomcat/10.1.28]
2024-09-11T10:31:18.759+08:00  INFO 3016 --- [main] o.a.c.c.C.[Tomcat].[localhost].[/]       : Initializing Spring embedded WebApplicationContext
2024-09-11T10:31:18.760+08:00  INFO 3016 --- [main] w.s.c.ServletWebServerApplicationContext : Root WebApplicationContext: initialization completed in 1007 ms
2024-09-11T10:31:19.106+08:00  INFO 3016 --- [main] eAuthenticationProviderManagerConfigurer : Global AuthenticationManager configured with AuthenticationProvider bean with name authenticationProvider
2024-09-11T10:31:19.107+08:00  WARN 3016 --- [main] r$InitializeUserDetailsManagerConfigurer : Global AuthenticationManager configured with an AuthenticationProvider bean. UserDetailsService beans will not be used for username/password login. Consider removing the AuthenticationProvider bean. Alternatively, consider using the UserDetailsService in a manually instantiated DaoAuthenticationProvider.
2024-09-11T10:31:19.503+08:00  INFO 3016 --- [main] o.s.b.w.embedded.tomcat.TomcatWebServer  : Tomcat started on port 8080 (http) with context path '/'
2024-09-11T10:31:19.511+08:00  INFO 3016 --- [main] bms.BookManagementSystemApplication      : Started BookManagementSystemApplication in 2.26 seconds (process running for 2.562)
2024-09-11T10:31:24.532+08:00  INFO 3016 --- [http-nio-8080-exec-2] o.a.c.c.C.[Tomcat].[localhost].[/]       : Initializing Spring DispatcherServlet 'dispatcherServlet'
2024-09-11T10:31:24.532+08:00  INFO 3016 --- [http-nio-8080-exec-2] o.s.web.servlet.DispatcherServlet        : Initializing Servlet 'dispatcherServlet'
2024-09-11T10:31:24.533+08:00  INFO 3016 --- [http-nio-8080-exec-2] o.s.web.servlet.DispatcherServlet        : Completed initialization in 1 ms
2024-09-11T10:31:24.644+08:00  INFO 3016 --- [http-nio-8080-exec-2] com.zaxxer.hikari.HikariDataSource       : HikariPool-1 - Starting...
2024-09-11T10:31:24.945+08:00  INFO 3016 --- [http-nio-8080-exec-2] com.zaxxer.hikari.pool.HikariPool        : HikariPool-1 - Added connection com.mysql.cj.jdbc.ConnectionImpl@7f6a62d5
2024-09-11T10:31:24.947+08:00  INFO 3016 --- [http-nio-8080-exec-2] com.zaxxer.hikari.HikariDataSource       : HikariPool-1 - Start completed.
2024-09-11T10:32:22.074+08:00  INFO 3016 --- [SpringApplicationShutdownHook] com.zaxxer.hikari.HikariDataSource       : HikariPool-1 - Shutdown initiated...
2024-09-11T10:32:22.085+08:00  INFO 3016 --- [SpringApplicationShutdownHook] com.zaxxer.hikari.HikariDataSource       : HikariPool-1 - Shutdown completed.
2024-09-11T10:33:02.649+08:00  INFO 10212 --- [main] bms.BookManagementSystemApplication      : Starting BookManagementSystemApplication using Java 22.0.2 with PID 10212 (D:\Project_Archive\Java_web_project\Book_management_system\target\classes started by qingl in D:\Project_Archive\Java_web_project\Book_management_system)
2024-09-11T10:33:02.651+08:00  INFO 10212 --- [main] bms.BookManagementSystemApplication      : No active profile set, falling back to 1 default profile: "default"
2024-09-11T10:33:03.778+08:00  INFO 10212 --- [main] o.s.b.w.embedded.tomcat.TomcatWebServer  : Tomcat initialized with port 8080 (http)
2024-09-11T10:33:03.792+08:00  INFO 10212 --- [main] o.apache.catalina.core.StandardService   : Starting service [Tomcat]
2024-09-11T10:33:03.792+08:00  INFO 10212 --- [main] o.apache.catalina.core.StandardEngine    : Starting Servlet engine: [Apache Tomcat/10.1.28]
2024-09-11T10:33:03.853+08:00  INFO 10212 --- [main] o.a.c.c.C.[Tomcat].[localhost].[/]       : Initializing Spring embedded WebApplicationContext
2024-09-11T10:33:03.854+08:00  INFO 10212 --- [main] w.s.c.ServletWebServerApplicationContext : Root WebApplicationContext: initialization completed in 1148 ms
2024-09-11T10:33:04.269+08:00  INFO 10212 --- [main] eAuthenticationProviderManagerConfigurer : Global AuthenticationManager configured with AuthenticationProvider bean with name authenticationProvider
2024-09-11T10:33:04.270+08:00  WARN 10212 --- [main] r$InitializeUserDetailsManagerConfigurer : Global AuthenticationManager configured with an AuthenticationProvider bean. UserDetailsService beans will not be used for username/password login. Consider removing the AuthenticationProvider bean. Alternatively, consider using the UserDetailsService in a manually instantiated DaoAuthenticationProvider.
2024-09-11T10:33:04.689+08:00  INFO 10212 --- [main] o.s.b.w.embedded.tomcat.TomcatWebServer  : Tomcat started on port 8080 (http) with context path '/'
2024-09-11T10:33:04.698+08:00  INFO 10212 --- [main] bms.BookManagementSystemApplication      : Started BookManagementSystemApplication in 2.506 seconds (process running for 2.809)
2024-09-11T10:33:11.198+08:00  INFO 10212 --- [http-nio-8080-exec-1] o.a.c.c.C.[Tomcat].[localhost].[/]       : Initializing Spring DispatcherServlet 'dispatcherServlet'
2024-09-11T10:33:11.198+08:00  INFO 10212 --- [http-nio-8080-exec-1] o.s.web.servlet.DispatcherServlet        : Initializing Servlet 'dispatcherServlet'
2024-09-11T10:33:11.199+08:00  INFO 10212 --- [http-nio-8080-exec-1] o.s.web.servlet.DispatcherServlet        : Completed initialization in 1 ms
2024-09-11T10:33:11.299+08:00  INFO 10212 --- [http-nio-8080-exec-1] com.zaxxer.hikari.HikariDataSource       : HikariPool-1 - Starting...
2024-09-11T10:33:11.615+08:00  INFO 10212 --- [http-nio-8080-exec-1] com.zaxxer.hikari.pool.HikariPool        : HikariPool-1 - Added connection com.mysql.cj.jdbc.ConnectionImpl@6895b315
2024-09-11T10:33:11.617+08:00  INFO 10212 --- [http-nio-8080-exec-1] com.zaxxer.hikari.HikariDataSource       : HikariPool-1 - Start completed.
2024-09-11T10:34:40.457+08:00  INFO 10212 --- [SpringApplicationShutdownHook] com.zaxxer.hikari.HikariDataSource       : HikariPool-1 - Shutdown initiated...
2024-09-11T10:34:40.471+08:00  INFO 10212 --- [SpringApplicationShutdownHook] com.zaxxer.hikari.HikariDataSource       : HikariPool-1 - Shutdown completed.
2024-09-11T10:34:43.450+08:00  INFO 4180 --- [main] bms.BookManagementSystemApplication      : Starting BookManagementSystemApplication using Java 22.0.2 with PID 4180 (D:\Project_Archive\Java_web_project\Book_management_system\target\classes started by qingl in D:\Project_Archive\Java_web_project\Book_management_system)
2024-09-11T10:34:43.453+08:00  INFO 4180 --- [main] bms.BookManagementSystemApplication      : No active profile set, falling back to 1 default profile: "default"
2024-09-11T10:34:44.498+08:00  INFO 4180 --- [main] o.s.b.w.embedded.tomcat.TomcatWebServer  : Tomcat initialized with port 8080 (http)
2024-09-11T10:34:44.511+08:00  INFO 4180 --- [main] o.apache.catalina.core.StandardService   : Starting service [Tomcat]
2024-09-11T10:34:44.512+08:00  INFO 4180 --- [main] o.apache.catalina.core.StandardEngine    : Starting Servlet engine: [Apache Tomcat/10.1.28]
2024-09-11T10:34:44.571+08:00  INFO 4180 --- [main] o.a.c.c.C.[Tomcat].[localhost].[/]       : Initializing Spring embedded WebApplicationContext
2024-09-11T10:34:44.571+08:00  INFO 4180 --- [main] w.s.c.ServletWebServerApplicationContext : Root WebApplicationContext: initialization completed in 1066 ms
2024-09-11T10:34:44.967+08:00  INFO 4180 --- [main] eAuthenticationProviderManagerConfigurer : Global AuthenticationManager configured with AuthenticationProvider bean with name authenticationProvider
2024-09-11T10:34:44.968+08:00  WARN 4180 --- [main] r$InitializeUserDetailsManagerConfigurer : Global AuthenticationManager configured with an AuthenticationProvider bean. UserDetailsService beans will not be used for username/password login. Consider removing the AuthenticationProvider bean. Alternatively, consider using the UserDetailsService in a manually instantiated DaoAuthenticationProvider.
2024-09-11T10:34:45.385+08:00  INFO 4180 --- [main] o.s.b.w.embedded.tomcat.TomcatWebServer  : Tomcat started on port 8080 (http) with context path '/'
2024-09-11T10:34:45.393+08:00  INFO 4180 --- [main] bms.BookManagementSystemApplication      : Started BookManagementSystemApplication in 2.368 seconds (process running for 2.67)
2024-09-11T10:34:48.415+08:00  INFO 4180 --- [http-nio-8080-exec-2] o.a.c.c.C.[Tomcat].[localhost].[/]       : Initializing Spring DispatcherServlet 'dispatcherServlet'
2024-09-11T10:34:48.416+08:00  INFO 4180 --- [http-nio-8080-exec-2] o.s.web.servlet.DispatcherServlet        : Initializing Servlet 'dispatcherServlet'
2024-09-11T10:34:48.417+08:00  INFO 4180 --- [http-nio-8080-exec-2] o.s.web.servlet.DispatcherServlet        : Completed initialization in 1 ms
2024-09-11T10:34:48.516+08:00  INFO 4180 --- [http-nio-8080-exec-2] com.zaxxer.hikari.HikariDataSource       : HikariPool-1 - Starting...
2024-09-11T10:34:48.807+08:00  INFO 4180 --- [http-nio-8080-exec-2] com.zaxxer.hikari.pool.HikariPool        : HikariPool-1 - Added connection com.mysql.cj.jdbc.ConnectionImpl@45eb45c
2024-09-11T10:34:48.808+08:00  INFO 4180 --- [http-nio-8080-exec-2] com.zaxxer.hikari.HikariDataSource       : HikariPool-1 - Start completed.
2024-09-11T10:35:51.122+08:00  INFO 4180 --- [SpringApplicationShutdownHook] com.zaxxer.hikari.HikariDataSource       : HikariPool-1 - Shutdown initiated...
2024-09-11T10:35:51.131+08:00  INFO 4180 --- [SpringApplicationShutdownHook] com.zaxxer.hikari.HikariDataSource       : HikariPool-1 - Shutdown completed.
2024-09-11T10:35:54.027+08:00  INFO 21832 --- [main] bms.BookManagementSystemApplication      : Starting BookManagementSystemApplication using Java 22.0.2 with PID 21832 (D:\Project_Archive\Java_web_project\Book_management_system\target\classes started by qingl in D:\Project_Archive\Java_web_project\Book_management_system)
2024-09-11T10:35:54.029+08:00  INFO 21832 --- [main] bms.BookManagementSystemApplication      : No active profile set, falling back to 1 default profile: "default"
2024-09-11T10:35:55.147+08:00  INFO 21832 --- [main] o.s.b.w.embedded.tomcat.TomcatWebServer  : Tomcat initialized with port 8080 (http)
2024-09-11T10:35:55.163+08:00  INFO 21832 --- [main] o.apache.catalina.core.StandardService   : Starting service [Tomcat]
2024-09-11T10:35:55.163+08:00  INFO 21832 --- [main] o.apache.catalina.core.StandardEngine    : Starting Servlet engine: [Apache Tomcat/10.1.28]
2024-09-11T10:35:55.214+08:00  INFO 21832 --- [main] o.a.c.c.C.[Tomcat].[localhost].[/]       : Initializing Spring embedded WebApplicationContext
2024-09-11T10:35:55.214+08:00  INFO 21832 --- [main] w.s.c.ServletWebServerApplicationContext : Root WebApplicationContext: initialization completed in 1133 ms
2024-09-11T10:35:55.656+08:00  INFO 21832 --- [main] eAuthenticationProviderManagerConfigurer : Global AuthenticationManager configured with AuthenticationProvider bean with name authenticationProvider
2024-09-11T10:35:55.656+08:00  WARN 21832 --- [main] r$InitializeUserDetailsManagerConfigurer : Global AuthenticationManager configured with an AuthenticationProvider bean. UserDetailsService beans will not be used for username/password login. Consider removing the AuthenticationProvider bean. Alternatively, consider using the UserDetailsService in a manually instantiated DaoAuthenticationProvider.
2024-09-11T10:35:56.092+08:00  INFO 21832 --- [main] o.s.b.w.embedded.tomcat.TomcatWebServer  : Tomcat started on port 8080 (http) with context path '/'
2024-09-11T10:35:56.101+08:00  INFO 21832 --- [main] bms.BookManagementSystemApplication      : Started BookManagementSystemApplication in 2.48 seconds (process running for 2.737)
2024-09-11T10:35:59.296+08:00  INFO 21832 --- [http-nio-8080-exec-1] o.a.c.c.C.[Tomcat].[localhost].[/]       : Initializing Spring DispatcherServlet 'dispatcherServlet'
2024-09-11T10:35:59.296+08:00  INFO 21832 --- [http-nio-8080-exec-1] o.s.web.servlet.DispatcherServlet        : Initializing Servlet 'dispatcherServlet'
2024-09-11T10:35:59.297+08:00  INFO 21832 --- [http-nio-8080-exec-1] o.s.web.servlet.DispatcherServlet        : Completed initialization in 1 ms
2024-09-11T10:35:59.500+08:00  INFO 21832 --- [http-nio-8080-exec-1] com.zaxxer.hikari.HikariDataSource       : HikariPool-1 - Starting...
2024-09-11T10:35:59.786+08:00  INFO 21832 --- [http-nio-8080-exec-1] com.zaxxer.hikari.pool.HikariPool        : HikariPool-1 - Added connection com.mysql.cj.jdbc.ConnectionImpl@2ab5c257
2024-09-11T10:35:59.788+08:00  INFO 21832 --- [http-nio-8080-exec-1] com.zaxxer.hikari.HikariDataSource       : HikariPool-1 - Start completed.
2024-09-11T10:38:16.350+08:00  INFO 21832 --- [SpringApplicationShutdownHook] com.zaxxer.hikari.HikariDataSource       : HikariPool-1 - Shutdown initiated...
2024-09-11T10:38:16.368+08:00  INFO 21832 --- [SpringApplicationShutdownHook] com.zaxxer.hikari.HikariDataSource       : HikariPool-1 - Shutdown completed.
2024-09-11T10:38:19.074+08:00  INFO 22324 --- [main] bms.BookManagementSystemApplication      : Starting BookManagementSystemApplication using Java 22.0.2 with PID 22324 (D:\Project_Archive\Java_web_project\Book_management_system\target\classes started by qingl in D:\Project_Archive\Java_web_project\Book_management_system)
2024-09-11T10:38:19.075+08:00  INFO 22324 --- [main] bms.BookManagementSystemApplication      : No active profile set, falling back to 1 default profile: "default"
2024-09-11T10:38:20.156+08:00  INFO 22324 --- [main] o.s.b.w.embedded.tomcat.TomcatWebServer  : Tomcat initialized with port 8080 (http)
2024-09-11T10:38:20.167+08:00  INFO 22324 --- [main] o.apache.catalina.core.StandardService   : Starting service [Tomcat]
2024-09-11T10:38:20.167+08:00  INFO 22324 --- [main] o.apache.catalina.core.StandardEngine    : Starting Servlet engine: [Apache Tomcat/10.1.28]
2024-09-11T10:38:20.209+08:00  INFO 22324 --- [main] o.a.c.c.C.[Tomcat].[localhost].[/]       : Initializing Spring embedded WebApplicationContext
2024-09-11T10:38:20.209+08:00  INFO 22324 --- [main] w.s.c.ServletWebServerApplicationContext : Root WebApplicationContext: initialization completed in 1077 ms
2024-09-11T10:38:20.545+08:00  INFO 22324 --- [main] eAuthenticationProviderManagerConfigurer : Global AuthenticationManager configured with AuthenticationProvider bean with name authenticationProvider
2024-09-11T10:38:20.546+08:00  WARN 22324 --- [main] r$InitializeUserDetailsManagerConfigurer : Global AuthenticationManager configured with an AuthenticationProvider bean. UserDetailsService beans will not be used for username/password login. Consider removing the AuthenticationProvider bean. Alternatively, consider using the UserDetailsService in a manually instantiated DaoAuthenticationProvider.
2024-09-11T10:38:20.933+08:00  INFO 22324 --- [main] o.s.b.w.embedded.tomcat.TomcatWebServer  : Tomcat started on port 8080 (http) with context path '/'
2024-09-11T10:38:20.941+08:00  INFO 22324 --- [main] bms.BookManagementSystemApplication      : Started BookManagementSystemApplication in 2.291 seconds (process running for 2.545)
2024-09-11T10:38:23.139+08:00  INFO 22324 --- [http-nio-8080-exec-1] o.a.c.c.C.[Tomcat].[localhost].[/]       : Initializing Spring DispatcherServlet 'dispatcherServlet'
2024-09-11T10:38:23.139+08:00  INFO 22324 --- [http-nio-8080-exec-1] o.s.web.servlet.DispatcherServlet        : Initializing Servlet 'dispatcherServlet'
2024-09-11T10:38:23.140+08:00  INFO 22324 --- [http-nio-8080-exec-1] o.s.web.servlet.DispatcherServlet        : Completed initialization in 0 ms
2024-09-11T10:38:23.247+08:00  INFO 22324 --- [http-nio-8080-exec-1] com.zaxxer.hikari.HikariDataSource       : HikariPool-1 - Starting...
2024-09-11T10:38:23.531+08:00  INFO 22324 --- [http-nio-8080-exec-1] com.zaxxer.hikari.pool.HikariPool        : HikariPool-1 - Added connection com.mysql.cj.jdbc.ConnectionImpl@669658c1
2024-09-11T10:38:23.532+08:00  INFO 22324 --- [http-nio-8080-exec-1] com.zaxxer.hikari.HikariDataSource       : HikariPool-1 - Start completed.
2024-09-11T10:52:55.710+08:00  INFO 22324 --- [SpringApplicationShutdownHook] com.zaxxer.hikari.HikariDataSource       : HikariPool-1 - Shutdown initiated...
2024-09-11T10:52:55.721+08:00  INFO 22324 --- [SpringApplicationShutdownHook] com.zaxxer.hikari.HikariDataSource       : HikariPool-1 - Shutdown completed.
2024-09-11T10:52:58.834+08:00  INFO 18592 --- [main] bms.BookManagementSystemApplication      : Starting BookManagementSystemApplication using Java 22.0.2 with PID 18592 (D:\Project_Archive\Java_web_project\Book_management_system\target\classes started by qingl in D:\Project_Archive\Java_web_project\Book_management_system)
2024-09-11T10:52:58.836+08:00  INFO 18592 --- [main] bms.BookManagementSystemApplication      : No active profile set, falling back to 1 default profile: "default"
2024-09-11T10:52:59.848+08:00  INFO 18592 --- [main] o.s.b.w.embedded.tomcat.TomcatWebServer  : Tomcat initialized with port 8080 (http)
2024-09-11T10:52:59.860+08:00  INFO 18592 --- [main] o.apache.catalina.core.StandardService   : Starting service [Tomcat]
2024-09-11T10:52:59.860+08:00  INFO 18592 --- [main] o.apache.catalina.core.StandardEngine    : Starting Servlet engine: [Apache Tomcat/10.1.28]
2024-09-11T10:52:59.908+08:00  INFO 18592 --- [main] o.a.c.c.C.[Tomcat].[localhost].[/]       : Initializing Spring embedded WebApplicationContext
2024-09-11T10:52:59.908+08:00  INFO 18592 --- [main] w.s.c.ServletWebServerApplicationContext : Root WebApplicationContext: initialization completed in 1023 ms
2024-09-11T10:53:00.252+08:00  INFO 18592 --- [main] eAuthenticationProviderManagerConfigurer : Global AuthenticationManager configured with AuthenticationProvider bean with name authenticationProvider
2024-09-11T10:53:00.252+08:00  WARN 18592 --- [main] r$InitializeUserDetailsManagerConfigurer : Global AuthenticationManager configured with an AuthenticationProvider bean. UserDetailsService beans will not be used for username/password login. Consider removing the AuthenticationProvider bean. Alternatively, consider using the UserDetailsService in a manually instantiated DaoAuthenticationProvider.
2024-09-11T10:53:00.606+08:00  INFO 18592 --- [main] o.s.b.w.embedded.tomcat.TomcatWebServer  : Tomcat started on port 8080 (http) with context path '/'
2024-09-11T10:53:00.616+08:00  INFO 18592 --- [main] bms.BookManagementSystemApplication      : Started BookManagementSystemApplication in 2.247 seconds (process running for 2.554)
2024-09-11T10:53:06.542+08:00  INFO 18592 --- [http-nio-8080-exec-2] o.a.c.c.C.[Tomcat].[localhost].[/]       : Initializing Spring DispatcherServlet 'dispatcherServlet'
2024-09-11T10:53:06.542+08:00  INFO 18592 --- [http-nio-8080-exec-2] o.s.web.servlet.DispatcherServlet        : Initializing Servlet 'dispatcherServlet'
2024-09-11T10:53:06.544+08:00  INFO 18592 --- [http-nio-8080-exec-2] o.s.web.servlet.DispatcherServlet        : Completed initialization in 2 ms
2024-09-11T10:53:06.644+08:00  INFO 18592 --- [http-nio-8080-exec-2] com.zaxxer.hikari.HikariDataSource       : HikariPool-1 - Starting...
2024-09-11T10:53:06.938+08:00  INFO 18592 --- [http-nio-8080-exec-2] com.zaxxer.hikari.pool.HikariPool        : HikariPool-1 - Added connection com.mysql.cj.jdbc.ConnectionImpl@814a16a
2024-09-11T10:53:06.940+08:00  INFO 18592 --- [http-nio-8080-exec-2] com.zaxxer.hikari.HikariDataSource       : HikariPool-1 - Start completed.
2024-09-11T10:53:59.231+08:00  INFO 18592 --- [SpringApplicationShutdownHook] com.zaxxer.hikari.HikariDataSource       : HikariPool-1 - Shutdown initiated...
2024-09-11T10:53:59.238+08:00  INFO 18592 --- [SpringApplicationShutdownHook] com.zaxxer.hikari.HikariDataSource       : HikariPool-1 - Shutdown completed.
2024-09-11T10:54:02.684+08:00  INFO 22380 --- [main] bms.BookManagementSystemApplication      : Starting BookManagementSystemApplication using Java 22.0.2 with PID 22380 (D:\Project_Archive\Java_web_project\Book_management_system\target\classes started by qingl in D:\Project_Archive\Java_web_project\Book_management_system)
2024-09-11T10:54:02.685+08:00  INFO 22380 --- [main] bms.BookManagementSystemApplication      : No active profile set, falling back to 1 default profile: "default"
2024-09-11T10:54:03.822+08:00  INFO 22380 --- [main] o.s.b.w.embedded.tomcat.TomcatWebServer  : Tomcat initialized with port 8080 (http)
2024-09-11T10:54:03.835+08:00  INFO 22380 --- [main] o.apache.catalina.core.StandardService   : Starting service [Tomcat]
2024-09-11T10:54:03.836+08:00  INFO 22380 --- [main] o.apache.catalina.core.StandardEngine    : Starting Servlet engine: [Apache Tomcat/10.1.28]
2024-09-11T10:54:03.884+08:00  INFO 22380 --- [main] o.a.c.c.C.[Tomcat].[localhost].[/]       : Initializing Spring embedded WebApplicationContext
2024-09-11T10:54:03.884+08:00  INFO 22380 --- [main] w.s.c.ServletWebServerApplicationContext : Root WebApplicationContext: initialization completed in 1155 ms
2024-09-11T10:54:04.305+08:00  INFO 22380 --- [main] eAuthenticationProviderManagerConfigurer : Global AuthenticationManager configured with AuthenticationProvider bean with name authenticationProvider
2024-09-11T10:54:04.305+08:00  WARN 22380 --- [main] r$InitializeUserDetailsManagerConfigurer : Global AuthenticationManager configured with an AuthenticationProvider bean. UserDetailsService beans will not be used for username/password login. Consider removing the AuthenticationProvider bean. Alternatively, consider using the UserDetailsService in a manually instantiated DaoAuthenticationProvider.
2024-09-11T10:54:04.749+08:00  INFO 22380 --- [main] o.s.b.w.embedded.tomcat.TomcatWebServer  : Tomcat started on port 8080 (http) with context path '/'
2024-09-11T10:54:04.758+08:00  INFO 22380 --- [main] bms.BookManagementSystemApplication      : Started BookManagementSystemApplication in 2.507 seconds (process running for 2.809)
2024-09-11T10:54:07.043+08:00  INFO 22380 --- [http-nio-8080-exec-1] o.a.c.c.C.[Tomcat].[localhost].[/]       : Initializing Spring DispatcherServlet 'dispatcherServlet'
2024-09-11T10:54:07.045+08:00  INFO 22380 --- [http-nio-8080-exec-1] o.s.web.servlet.DispatcherServlet        : Initializing Servlet 'dispatcherServlet'
2024-09-11T10:54:07.046+08:00  INFO 22380 --- [http-nio-8080-exec-1] o.s.web.servlet.DispatcherServlet        : Completed initialization in 1 ms
2024-09-11T10:54:07.175+08:00  INFO 22380 --- [http-nio-8080-exec-1] com.zaxxer.hikari.HikariDataSource       : HikariPool-1 - Starting...
2024-09-11T10:54:07.456+08:00  INFO 22380 --- [http-nio-8080-exec-1] com.zaxxer.hikari.pool.HikariPool        : HikariPool-1 - Added connection com.mysql.cj.jdbc.ConnectionImpl@7d9ddb87
2024-09-11T10:54:07.458+08:00  INFO 22380 --- [http-nio-8080-exec-1] com.zaxxer.hikari.HikariDataSource       : HikariPool-1 - Start completed.
2024-09-11T10:55:30.925+08:00  INFO 22380 --- [SpringApplicationShutdownHook] com.zaxxer.hikari.HikariDataSource       : HikariPool-1 - Shutdown initiated...
2024-09-11T10:55:30.933+08:00  INFO 22380 --- [SpringApplicationShutdownHook] com.zaxxer.hikari.HikariDataSource       : HikariPool-1 - Shutdown completed.
2024-09-11T10:55:34.097+08:00  INFO 10472 --- [main] bms.BookManagementSystemApplication      : Starting BookManagementSystemApplication using Java 22.0.2 with PID 10472 (D:\Project_Archive\Java_web_project\Book_management_system\target\classes started by qingl in D:\Project_Archive\Java_web_project\Book_management_system)
2024-09-11T10:55:34.098+08:00  INFO 10472 --- [main] bms.BookManagementSystemApplication      : No active profile set, falling back to 1 default profile: "default"
2024-09-11T10:55:35.216+08:00  INFO 10472 --- [main] o.s.b.w.embedded.tomcat.TomcatWebServer  : Tomcat initialized with port 8080 (http)
2024-09-11T10:55:35.231+08:00  INFO 10472 --- [main] o.apache.catalina.core.StandardService   : Starting service [Tomcat]
2024-09-11T10:55:35.232+08:00  INFO 10472 --- [main] o.apache.catalina.core.StandardEngine    : Starting Servlet engine: [Apache Tomcat/10.1.28]
2024-09-11T10:55:35.287+08:00  INFO 10472 --- [main] o.a.c.c.C.[Tomcat].[localhost].[/]       : Initializing Spring embedded WebApplicationContext
2024-09-11T10:55:35.288+08:00  INFO 10472 --- [main] w.s.c.ServletWebServerApplicationContext : Root WebApplicationContext: initialization completed in 1135 ms
2024-09-11T10:55:35.689+08:00  INFO 10472 --- [main] eAuthenticationProviderManagerConfigurer : Global AuthenticationManager configured with AuthenticationProvider bean with name authenticationProvider
2024-09-11T10:55:35.690+08:00  WARN 10472 --- [main] r$InitializeUserDetailsManagerConfigurer : Global AuthenticationManager configured with an AuthenticationProvider bean. UserDetailsService beans will not be used for username/password login. Consider removing the AuthenticationProvider bean. Alternatively, consider using the UserDetailsService in a manually instantiated DaoAuthenticationProvider.
2024-09-11T10:55:36.136+08:00  INFO 10472 --- [main] o.s.b.w.embedded.tomcat.TomcatWebServer  : Tomcat started on port 8080 (http) with context path '/'
2024-09-11T10:55:36.145+08:00  INFO 10472 --- [main] bms.BookManagementSystemApplication      : Started BookManagementSystemApplication in 2.558 seconds (process running for 2.869)
2024-09-11T10:55:39.120+08:00  INFO 10472 --- [http-nio-8080-exec-1] o.a.c.c.C.[Tomcat].[localhost].[/]       : Initializing Spring DispatcherServlet 'dispatcherServlet'
2024-09-11T10:55:39.120+08:00  INFO 10472 --- [http-nio-8080-exec-1] o.s.web.servlet.DispatcherServlet        : Initializing Servlet 'dispatcherServlet'
2024-09-11T10:55:39.121+08:00  INFO 10472 --- [http-nio-8080-exec-1] o.s.web.servlet.DispatcherServlet        : Completed initialization in 0 ms
2024-09-11T10:55:39.221+08:00  INFO 10472 --- [http-nio-8080-exec-1] com.zaxxer.hikari.HikariDataSource       : HikariPool-1 - Starting...
2024-09-11T10:55:39.525+08:00  INFO 10472 --- [http-nio-8080-exec-1] com.zaxxer.hikari.pool.HikariPool        : HikariPool-1 - Added connection com.mysql.cj.jdbc.ConnectionImpl@73b1d986
2024-09-11T10:55:39.527+08:00  INFO 10472 --- [http-nio-8080-exec-1] com.zaxxer.hikari.HikariDataSource       : HikariPool-1 - Start completed.
2024-09-11T10:56:22.421+08:00  INFO 10472 --- [SpringApplicationShutdownHook] com.zaxxer.hikari.HikariDataSource       : HikariPool-1 - Shutdown initiated...
2024-09-11T10:56:22.430+08:00  INFO 10472 --- [SpringApplicationShutdownHook] com.zaxxer.hikari.HikariDataSource       : HikariPool-1 - Shutdown completed.
2024-09-11T10:56:25.316+08:00  INFO 22488 --- [main] bms.BookManagementSystemApplication      : Starting BookManagementSystemApplication using Java 22.0.2 with PID 22488 (D:\Project_Archive\Java_web_project\Book_management_system\target\classes started by qingl in D:\Project_Archive\Java_web_project\Book_management_system)
2024-09-11T10:56:25.318+08:00  INFO 22488 --- [main] bms.BookManagementSystemApplication      : No active profile set, falling back to 1 default profile: "default"
2024-09-11T10:56:26.540+08:00  INFO 22488 --- [main] o.s.b.w.embedded.tomcat.TomcatWebServer  : Tomcat initialized with port 8080 (http)
2024-09-11T10:56:26.559+08:00  INFO 22488 --- [main] o.apache.catalina.core.StandardService   : Starting service [Tomcat]
2024-09-11T10:56:26.559+08:00  INFO 22488 --- [main] o.apache.catalina.core.StandardEngine    : Starting Servlet engine: [Apache Tomcat/10.1.28]
2024-09-11T10:56:26.610+08:00  INFO 22488 --- [main] o.a.c.c.C.[Tomcat].[localhost].[/]       : Initializing Spring embedded WebApplicationContext
2024-09-11T10:56:26.610+08:00  INFO 22488 --- [main] w.s.c.ServletWebServerApplicationContext : Root WebApplicationContext: initialization completed in 1235 ms
2024-09-11T10:56:27.032+08:00  INFO 22488 --- [main] eAuthenticationProviderManagerConfigurer : Global AuthenticationManager configured with AuthenticationProvider bean with name authenticationProvider
2024-09-11T10:56:27.032+08:00  WARN 22488 --- [main] r$InitializeUserDetailsManagerConfigurer : Global AuthenticationManager configured with an AuthenticationProvider bean. UserDetailsService beans will not be used for username/password login. Consider removing the AuthenticationProvider bean. Alternatively, consider using the UserDetailsService in a manually instantiated DaoAuthenticationProvider.
2024-09-11T10:56:27.445+08:00  INFO 22488 --- [main] o.s.b.w.embedded.tomcat.TomcatWebServer  : Tomcat started on port 8080 (http) with context path '/'
2024-09-11T10:56:27.456+08:00  INFO 22488 --- [main] bms.BookManagementSystemApplication      : Started BookManagementSystemApplication in 2.64 seconds (process running for 2.896)
2024-09-11T10:56:33.042+08:00  INFO 22488 --- [http-nio-8080-exec-1] o.a.c.c.C.[Tomcat].[localhost].[/]       : Initializing Spring DispatcherServlet 'dispatcherServlet'
2024-09-11T10:56:33.043+08:00  INFO 22488 --- [http-nio-8080-exec-1] o.s.web.servlet.DispatcherServlet        : Initializing Servlet 'dispatcherServlet'
2024-09-11T10:56:33.044+08:00  INFO 22488 --- [http-nio-8080-exec-1] o.s.web.servlet.DispatcherServlet        : Completed initialization in 1 ms
2024-09-11T10:56:33.161+08:00  INFO 22488 --- [http-nio-8080-exec-1] com.zaxxer.hikari.HikariDataSource       : HikariPool-1 - Starting...
2024-09-11T10:56:33.460+08:00  INFO 22488 --- [http-nio-8080-exec-1] com.zaxxer.hikari.pool.HikariPool        : HikariPool-1 - Added connection com.mysql.cj.jdbc.ConnectionImpl@669658c1
2024-09-11T10:56:33.461+08:00  INFO 22488 --- [http-nio-8080-exec-1] com.zaxxer.hikari.HikariDataSource       : HikariPool-1 - Start completed.
2024-09-11T10:57:15.168+08:00  INFO 22488 --- [SpringApplicationShutdownHook] com.zaxxer.hikari.HikariDataSource       : HikariPool-1 - Shutdown initiated...
2024-09-11T10:57:15.177+08:00  INFO 22488 --- [SpringApplicationShutdownHook] com.zaxxer.hikari.HikariDataSource       : HikariPool-1 - Shutdown completed.
2024-09-11T10:57:18.852+08:00  INFO 2772 --- [main] bms.BookManagementSystemApplication      : Starting BookManagementSystemApplication using Java 22.0.2 with PID 2772 (D:\Project_Archive\Java_web_project\Book_management_system\target\classes started by qingl in D:\Project_Archive\Java_web_project\Book_management_system)
2024-09-11T10:57:18.853+08:00  INFO 2772 --- [main] bms.BookManagementSystemApplication      : No active profile set, falling back to 1 default profile: "default"
2024-09-11T10:57:19.954+08:00  INFO 2772 --- [main] o.s.b.w.embedded.tomcat.TomcatWebServer  : Tomcat initialized with port 8080 (http)
2024-09-11T10:57:19.968+08:00  INFO 2772 --- [main] o.apache.catalina.core.StandardService   : Starting service [Tomcat]
2024-09-11T10:57:19.969+08:00  INFO 2772 --- [main] o.apache.catalina.core.StandardEngine    : Starting Servlet engine: [Apache Tomcat/10.1.28]
2024-09-11T10:57:20.022+08:00  INFO 2772 --- [main] o.a.c.c.C.[Tomcat].[localhost].[/]       : Initializing Spring embedded WebApplicationContext
2024-09-11T10:57:20.022+08:00  INFO 2772 --- [main] w.s.c.ServletWebServerApplicationContext : Root WebApplicationContext: initialization completed in 1115 ms
2024-09-11T10:57:20.398+08:00  INFO 2772 --- [main] eAuthenticationProviderManagerConfigurer : Global AuthenticationManager configured with AuthenticationProvider bean with name authenticationProvider
2024-09-11T10:57:20.398+08:00  WARN 2772 --- [main] r$InitializeUserDetailsManagerConfigurer : Global AuthenticationManager configured with an AuthenticationProvider bean. UserDetailsService beans will not be used for username/password login. Consider removing the AuthenticationProvider bean. Alternatively, consider using the UserDetailsService in a manually instantiated DaoAuthenticationProvider.
2024-09-11T10:57:20.802+08:00  INFO 2772 --- [main] o.s.b.w.embedded.tomcat.TomcatWebServer  : Tomcat started on port 8080 (http) with context path '/'
2024-09-11T10:57:20.809+08:00  INFO 2772 --- [main] bms.BookManagementSystemApplication      : Started BookManagementSystemApplication in 2.415 seconds (process running for 2.726)
2024-09-11T10:57:22.654+08:00  INFO 2772 --- [http-nio-8080-exec-1] o.a.c.c.C.[Tomcat].[localhost].[/]       : Initializing Spring DispatcherServlet 'dispatcherServlet'
2024-09-11T10:57:22.655+08:00  INFO 2772 --- [http-nio-8080-exec-1] o.s.web.servlet.DispatcherServlet        : Initializing Servlet 'dispatcherServlet'
2024-09-11T10:57:22.656+08:00  INFO 2772 --- [http-nio-8080-exec-1] o.s.web.servlet.DispatcherServlet        : Completed initialization in 1 ms
2024-09-11T10:57:22.773+08:00  INFO 2772 --- [http-nio-8080-exec-1] com.zaxxer.hikari.HikariDataSource       : HikariPool-1 - Starting...
2024-09-11T10:57:23.054+08:00  INFO 2772 --- [http-nio-8080-exec-1] com.zaxxer.hikari.pool.HikariPool        : HikariPool-1 - Added connection com.mysql.cj.jdbc.ConnectionImpl@725f4ea9
2024-09-11T10:57:23.056+08:00  INFO 2772 --- [http-nio-8080-exec-1] com.zaxxer.hikari.HikariDataSource       : HikariPool-1 - Start completed.
2024-09-11T11:07:14.392+08:00  INFO 2772 --- [SpringApplicationShutdownHook] com.zaxxer.hikari.HikariDataSource       : HikariPool-1 - Shutdown initiated...
2024-09-11T11:07:14.408+08:00  INFO 2772 --- [SpringApplicationShutdownHook] com.zaxxer.hikari.HikariDataSource       : HikariPool-1 - Shutdown completed.
2024-09-11T11:07:17.842+08:00  INFO 20968 --- [main] bms.BookManagementSystemApplication      : Starting BookManagementSystemApplication using Java 22.0.2 with PID 20968 (D:\Project_Archive\Java_web_project\Book_management_system\target\classes started by qingl in D:\Project_Archive\Java_web_project\Book_management_system)
2024-09-11T11:07:17.844+08:00  INFO 20968 --- [main] bms.BookManagementSystemApplication      : No active profile set, falling back to 1 default profile: "default"
2024-09-11T11:07:18.857+08:00  INFO 20968 --- [main] o.s.b.w.embedded.tomcat.TomcatWebServer  : Tomcat initialized with port 8080 (http)
2024-09-11T11:07:18.869+08:00  INFO 20968 --- [main] o.apache.catalina.core.StandardService   : Starting service [Tomcat]
2024-09-11T11:07:18.870+08:00  INFO 20968 --- [main] o.apache.catalina.core.StandardEngine    : Starting Servlet engine: [Apache Tomcat/10.1.28]
2024-09-11T11:07:18.913+08:00  INFO 20968 --- [main] o.a.c.c.C.[Tomcat].[localhost].[/]       : Initializing Spring embedded WebApplicationContext
2024-09-11T11:07:18.913+08:00  INFO 20968 --- [main] w.s.c.ServletWebServerApplicationContext : Root WebApplicationContext: initialization completed in 1016 ms
2024-09-11T11:07:19.226+08:00  INFO 20968 --- [main] eAuthenticationProviderManagerConfigurer : Global AuthenticationManager configured with AuthenticationProvider bean with name authenticationProvider
2024-09-11T11:07:19.226+08:00  WARN 20968 --- [main] r$InitializeUserDetailsManagerConfigurer : Global AuthenticationManager configured with an AuthenticationProvider bean. UserDetailsService beans will not be used for username/password login. Consider removing the AuthenticationProvider bean. Alternatively, consider using the UserDetailsService in a manually instantiated DaoAuthenticationProvider.
2024-09-11T11:07:19.642+08:00  INFO 20968 --- [main] o.s.b.w.embedded.tomcat.TomcatWebServer  : Tomcat started on port 8080 (http) with context path '/'
2024-09-11T11:07:19.652+08:00  INFO 20968 --- [main] bms.BookManagementSystemApplication      : Started BookManagementSystemApplication in 2.275 seconds (process running for 2.577)
2024-09-11T11:07:31.053+08:00  INFO 14232 --- [main] bms.BookManagementSystemApplication      : Starting BookManagementSystemApplication using Java 22.0.2 with PID 14232 (D:\Project_Archive\Java_web_project\Book_management_system\target\classes started by qingl in D:\Project_Archive\Java_web_project\Book_management_system)
2024-09-11T11:07:31.055+08:00  INFO 14232 --- [main] bms.BookManagementSystemApplication      : No active profile set, falling back to 1 default profile: "default"
2024-09-11T11:07:32.221+08:00  INFO 14232 --- [main] o.s.b.w.embedded.tomcat.TomcatWebServer  : Tomcat initialized with port 8080 (http)
2024-09-11T11:07:32.238+08:00  INFO 14232 --- [main] o.apache.catalina.core.StandardService   : Starting service [Tomcat]
2024-09-11T11:07:32.239+08:00  INFO 14232 --- [main] o.apache.catalina.core.StandardEngine    : Starting Servlet engine: [Apache Tomcat/10.1.28]
2024-09-11T11:07:32.302+08:00  INFO 14232 --- [main] o.a.c.c.C.[Tomcat].[localhost].[/]       : Initializing Spring embedded WebApplicationContext
2024-09-11T11:07:32.302+08:00  INFO 14232 --- [main] w.s.c.ServletWebServerApplicationContext : Root WebApplicationContext: initialization completed in 1194 ms
2024-09-11T11:07:32.736+08:00  INFO 14232 --- [main] eAuthenticationProviderManagerConfigurer : Global AuthenticationManager configured with AuthenticationProvider bean with name authenticationProvider
2024-09-11T11:07:32.736+08:00  WARN 14232 --- [main] r$InitializeUserDetailsManagerConfigurer : Global AuthenticationManager configured with an AuthenticationProvider bean. UserDetailsService beans will not be used for username/password login. Consider removing the AuthenticationProvider bean. Alternatively, consider using the UserDetailsService in a manually instantiated DaoAuthenticationProvider.
2024-09-11T11:07:33.207+08:00  INFO 14232 --- [main] o.s.b.w.embedded.tomcat.TomcatWebServer  : Tomcat started on port 8080 (http) with context path '/'
2024-09-11T11:07:33.216+08:00  INFO 14232 --- [main] bms.BookManagementSystemApplication      : Started BookManagementSystemApplication in 2.618 seconds (process running for 2.93)
2024-09-11T11:07:37.690+08:00  INFO 14232 --- [http-nio-8080-exec-2] o.a.c.c.C.[Tomcat].[localhost].[/]       : Initializing Spring DispatcherServlet 'dispatcherServlet'
2024-09-11T11:07:37.690+08:00  INFO 14232 --- [http-nio-8080-exec-2] o.s.web.servlet.DispatcherServlet        : Initializing Servlet 'dispatcherServlet'
2024-09-11T11:07:37.692+08:00  INFO 14232 --- [http-nio-8080-exec-2] o.s.web.servlet.DispatcherServlet        : Completed initialization in 1 ms
2024-09-11T11:07:37.794+08:00  INFO 14232 --- [http-nio-8080-exec-2] com.zaxxer.hikari.HikariDataSource       : HikariPool-1 - Starting...
2024-09-11T11:07:38.079+08:00  INFO 14232 --- [http-nio-8080-exec-2] com.zaxxer.hikari.pool.HikariPool        : HikariPool-1 - Added connection com.mysql.cj.jdbc.ConnectionImpl@7973926a
2024-09-11T11:07:38.081+08:00  INFO 14232 --- [http-nio-8080-exec-2] com.zaxxer.hikari.HikariDataSource       : HikariPool-1 - Start completed.
2024-09-11T11:09:13.714+08:00  INFO 14232 --- [SpringApplicationShutdownHook] com.zaxxer.hikari.HikariDataSource       : HikariPool-1 - Shutdown initiated...
2024-09-11T11:09:13.734+08:00  INFO 14232 --- [SpringApplicationShutdownHook] com.zaxxer.hikari.HikariDataSource       : HikariPool-1 - Shutdown completed.
2024-09-11T11:10:30.376+08:00  INFO 22372 --- [main] bms.BookManagementSystemApplication      : Starting BookManagementSystemApplication using Java 22.0.2 with PID 22372 (D:\Project_Archive\Java_web_project\Book_management_system\target\classes started by qingl in D:\Project_Archive\Java_web_project\Book_management_system)
2024-09-11T11:10:30.377+08:00  INFO 22372 --- [main] bms.BookManagementSystemApplication      : No active profile set, falling back to 1 default profile: "default"
2024-09-11T11:10:31.456+08:00  INFO 22372 --- [main] o.s.b.w.embedded.tomcat.TomcatWebServer  : Tomcat initialized with port 8080 (http)
2024-09-11T11:10:31.472+08:00  INFO 22372 --- [main] o.apache.catalina.core.StandardService   : Starting service [Tomcat]
2024-09-11T11:10:31.473+08:00  INFO 22372 --- [main] o.apache.catalina.core.StandardEngine    : Starting Servlet engine: [Apache Tomcat/10.1.28]
2024-09-11T11:10:31.520+08:00  INFO 22372 --- [main] o.a.c.c.C.[Tomcat].[localhost].[/]       : Initializing Spring embedded WebApplicationContext
2024-09-11T11:10:31.520+08:00  INFO 22372 --- [main] w.s.c.ServletWebServerApplicationContext : Root WebApplicationContext: initialization completed in 1094 ms
2024-09-11T11:10:31.864+08:00  INFO 22372 --- [main] eAuthenticationProviderManagerConfigurer : Global AuthenticationManager configured with AuthenticationProvider bean with name authenticationProvider
2024-09-11T11:10:31.865+08:00  WARN 22372 --- [main] r$InitializeUserDetailsManagerConfigurer : Global AuthenticationManager configured with an AuthenticationProvider bean. UserDetailsService beans will not be used for username/password login. Consider removing the AuthenticationProvider bean. Alternatively, consider using the UserDetailsService in a manually instantiated DaoAuthenticationProvider.
2024-09-11T11:10:32.325+08:00  INFO 22372 --- [main] o.s.b.w.embedded.tomcat.TomcatWebServer  : Tomcat started on port 8080 (http) with context path '/'
2024-09-11T11:10:32.337+08:00  INFO 22372 --- [main] bms.BookManagementSystemApplication      : Started BookManagementSystemApplication in 2.438 seconds (process running for 2.728)
2024-09-11T11:10:39.100+08:00  INFO 22372 --- [http-nio-8080-exec-1] o.a.c.c.C.[Tomcat].[localhost].[/]       : Initializing Spring DispatcherServlet 'dispatcherServlet'
2024-09-11T11:10:39.101+08:00  INFO 22372 --- [http-nio-8080-exec-1] o.s.web.servlet.DispatcherServlet        : Initializing Servlet 'dispatcherServlet'
2024-09-11T11:10:39.103+08:00  INFO 22372 --- [http-nio-8080-exec-1] o.s.web.servlet.DispatcherServlet        : Completed initialization in 1 ms
2024-09-11T11:10:39.224+08:00  INFO 22372 --- [http-nio-8080-exec-1] com.zaxxer.hikari.HikariDataSource       : HikariPool-1 - Starting...
2024-09-11T11:10:39.528+08:00  INFO 22372 --- [http-nio-8080-exec-1] com.zaxxer.hikari.pool.HikariPool        : HikariPool-1 - Added connection com.mysql.cj.jdbc.ConnectionImpl@6df97502
2024-09-11T11:10:39.529+08:00  INFO 22372 --- [http-nio-8080-exec-1] com.zaxxer.hikari.HikariDataSource       : HikariPool-1 - Start completed.
2024-09-11T11:10:47.149+08:00  INFO 22372 --- [SpringApplicationShutdownHook] com.zaxxer.hikari.HikariDataSource       : HikariPool-1 - Shutdown initiated...
2024-09-11T11:10:47.158+08:00  INFO 22372 --- [SpringApplicationShutdownHook] com.zaxxer.hikari.HikariDataSource       : HikariPool-1 - Shutdown completed.
2024-09-11T11:12:01.167+08:00  INFO 15452 --- [main] bms.BookManagementSystemApplication      : Starting BookManagementSystemApplication using Java 22.0.2 with PID 15452 (D:\Project_Archive\Java_web_project\Book_management_system\target\classes started by qingl in D:\Project_Archive\Java_web_project\Book_management_system)
2024-09-11T11:12:01.170+08:00  INFO 15452 --- [main] bms.BookManagementSystemApplication      : No active profile set, falling back to 1 default profile: "default"
2024-09-11T11:12:02.165+08:00  INFO 15452 --- [main] o.s.b.w.embedded.tomcat.TomcatWebServer  : Tomcat initialized with port 8080 (http)
2024-09-11T11:12:02.187+08:00  INFO 15452 --- [main] o.apache.catalina.core.StandardService   : Starting service [Tomcat]
2024-09-11T11:12:02.187+08:00  INFO 15452 --- [main] o.apache.catalina.core.StandardEngine    : Starting Servlet engine: [Apache Tomcat/10.1.28]
2024-09-11T11:12:02.239+08:00  INFO 15452 --- [main] o.a.c.c.C.[Tomcat].[localhost].[/]       : Initializing Spring embedded WebApplicationContext
2024-09-11T11:12:02.239+08:00  INFO 15452 --- [main] w.s.c.ServletWebServerApplicationContext : Root WebApplicationContext: initialization completed in 1025 ms
2024-09-11T11:12:02.601+08:00  INFO 15452 --- [main] eAuthenticationProviderManagerConfigurer : Global AuthenticationManager configured with AuthenticationProvider bean with name authenticationProvider
2024-09-11T11:12:02.602+08:00  WARN 15452 --- [main] r$InitializeUserDetailsManagerConfigurer : Global AuthenticationManager configured with an AuthenticationProvider bean. UserDetailsService beans will not be used for username/password login. Consider removing the AuthenticationProvider bean. Alternatively, consider using the UserDetailsService in a manually instantiated DaoAuthenticationProvider.
2024-09-11T11:12:03.065+08:00  INFO 15452 --- [main] o.s.b.w.embedded.tomcat.TomcatWebServer  : Tomcat started on port 8080 (http) with context path '/'
2024-09-11T11:12:03.074+08:00  INFO 15452 --- [main] bms.BookManagementSystemApplication      : Started BookManagementSystemApplication in 2.375 seconds (process running for 2.669)
2024-09-11T11:12:09.109+08:00  INFO 15452 --- [http-nio-8080-exec-1] o.a.c.c.C.[Tomcat].[localhost].[/]       : Initializing Spring DispatcherServlet 'dispatcherServlet'
2024-09-11T11:12:09.110+08:00  INFO 15452 --- [http-nio-8080-exec-1] o.s.web.servlet.DispatcherServlet        : Initializing Servlet 'dispatcherServlet'
2024-09-11T11:12:09.112+08:00  INFO 15452 --- [http-nio-8080-exec-1] o.s.web.servlet.DispatcherServlet        : Completed initialization in 2 ms
2024-09-11T11:12:09.231+08:00  INFO 15452 --- [http-nio-8080-exec-1] com.zaxxer.hikari.HikariDataSource       : HikariPool-1 - Starting...
2024-09-11T11:12:09.506+08:00  INFO 15452 --- [http-nio-8080-exec-1] com.zaxxer.hikari.pool.HikariPool        : HikariPool-1 - Added connection com.mysql.cj.jdbc.ConnectionImpl@2ec7d8ee
2024-09-11T11:12:09.509+08:00  INFO 15452 --- [http-nio-8080-exec-1] com.zaxxer.hikari.HikariDataSource       : HikariPool-1 - Start completed.
2024-09-11T11:12:13.347+08:00  INFO 15452 --- [SpringApplicationShutdownHook] com.zaxxer.hikari.HikariDataSource       : HikariPool-1 - Shutdown initiated...
2024-09-11T11:12:13.361+08:00  INFO 15452 --- [SpringApplicationShutdownHook] com.zaxxer.hikari.HikariDataSource       : HikariPool-1 - Shutdown completed.
